[4.634s] DEBUG:colcon:Command line arguments: ['/usr/bin/colcon', 'build', '--symlink-install']
[4.634s] DEBUG:colcon:Parsed command line arguments: Namespace(log_base=None, log_level=None, verb_name='build', build_base='build', install_base='install', merge_install=False, symlink_install=True, test_result_base=None, continue_on_error=False, executor='parallel', parallel_workers=4, event_handlers=None, ignore_user_meta=False, metas=['./colcon.meta'], base_paths=['.'], packages_ignore=None, packages_ignore_regex=None, paths=None, packages_up_to=None, packages_up_to_regex=None, packages_above=None, packages_above_and_dependencies=None, packages_above_depth=None, packages_select_by_dep=None, packages_skip_by_dep=None, packages_skip_up_to=None, packages_select_build_failed=False, packages_skip_build_finished=False, packages_select_test_failures=False, packages_skip_test_passed=False, packages_select=None, packages_skip=None, packages_select_regex=None, packages_skip_regex=None, packages_start=None, packages_end=None, allow_overriding=[], cmake_args=None, cmake_target=None, cmake_target_skip_unavailable=False, cmake_clean_cache=False, cmake_clean_first=False, cmake_force_configure=False, ament_cmake_args=None, catkin_cmake_args=None, catkin_skip_building_tests=False, verb_parser=<colcon_defaults.argument_parser.defaults.DefaultArgumentsDecorator object at 0x7f894289ff40>, verb_extension=<colcon_core.verb.build.BuildVerb object at 0x7f894289d540>, main=<bound method BuildVerb.main of <colcon_core.verb.build.BuildVerb object at 0x7f894289d540>>)
[4.905s] Level 1:colcon.colcon_core.package_discovery:discover_packages(colcon_meta) check parameters
[4.905s] Level 1:colcon.colcon_core.package_discovery:discover_packages(recursive) check parameters
[4.905s] Level 1:colcon.colcon_core.package_discovery:discover_packages(ignore) check parameters
[4.905s] Level 1:colcon.colcon_core.package_discovery:discover_packages(path) check parameters
[4.905s] Level 1:colcon.colcon_core.package_discovery:discover_packages(colcon_meta) discover
[4.906s] Level 1:colcon.colcon_core.package_discovery:discover_packages(recursive) discover
[4.906s] INFO:colcon.colcon_core.package_discovery:Crawling recursively for packages in '/home/leonardo/dev_ws/src/articubot_one'
[4.906s] Level 1:colcon.colcon_core.package_identification:_identify(.) by extensions ['ignore', 'ignore_ament_install']
[4.906s] Level 1:colcon.colcon_core.package_identification:_identify(.) by extension 'ignore'
[4.906s] Level 1:colcon.colcon_core.package_identification:_identify(.) by extension 'ignore_ament_install'
[4.906s] Level 1:colcon.colcon_core.package_identification:_identify(.) by extensions ['colcon_pkg']
[4.906s] Level 1:colcon.colcon_core.package_identification:_identify(.) by extension 'colcon_pkg'
[4.907s] Level 1:colcon.colcon_core.package_identification:_identify(.) by extensions ['colcon_meta']
[4.907s] Level 1:colcon.colcon_core.package_identification:_identify(.) by extension 'colcon_meta'
[4.907s] Level 1:colcon.colcon_core.package_identification:_identify(.) by extensions ['ros']
[4.907s] Level 1:colcon.colcon_core.package_identification:_identify(.) by extension 'ros'
[4.974s] DEBUG:colcon.colcon_core.package_identification:Package '.' with type 'ros.ament_cmake' and name 'articubot_one'
[4.975s] Level 1:colcon.colcon_core.package_discovery:discover_packages(recursive) using defaults
[4.975s] Level 1:colcon.colcon_core.package_discovery:discover_packages(ignore) discover
[4.975s] Level 1:colcon.colcon_core.package_discovery:discover_packages(ignore) using defaults
[4.975s] Level 1:colcon.colcon_core.package_discovery:discover_packages(path) discover
[4.975s] Level 1:colcon.colcon_core.package_discovery:discover_packages(path) using defaults
[5.250s] Level 1:colcon.colcon_core.package_discovery:discover_packages(prefix_path) check parameters
[5.250s] Level 1:colcon.colcon_core.package_discovery:discover_packages(prefix_path) discover
[5.343s] DEBUG:colcon.colcon_installed_package_information.package_discovery:Found 0 installed packages in /home/leonardo/colcon_ws/install
[5.373s] DEBUG:colcon.colcon_installed_package_information.package_discovery:Found 294 installed packages in /opt/ros/humble
[5.378s] Level 1:colcon.colcon_core.package_discovery:discover_packages(prefix_path) using defaults
[5.598s] Level 5:colcon.colcon_core.verb:set package 'articubot_one' build argument 'cmake_args' from command line to 'None'
[5.598s] Level 5:colcon.colcon_core.verb:set package 'articubot_one' build argument 'cmake_target' from command line to 'None'
[5.599s] Level 5:colcon.colcon_core.verb:set package 'articubot_one' build argument 'cmake_target_skip_unavailable' from command line to 'False'
[5.599s] Level 5:colcon.colcon_core.verb:set package 'articubot_one' build argument 'cmake_clean_cache' from command line to 'False'
[5.599s] Level 5:colcon.colcon_core.verb:set package 'articubot_one' build argument 'cmake_clean_first' from command line to 'False'
[5.599s] Level 5:colcon.colcon_core.verb:set package 'articubot_one' build argument 'cmake_force_configure' from command line to 'False'
[5.599s] Level 5:colcon.colcon_core.verb:set package 'articubot_one' build argument 'ament_cmake_args' from command line to 'None'
[5.599s] Level 5:colcon.colcon_core.verb:set package 'articubot_one' build argument 'catkin_cmake_args' from command line to 'None'
[5.599s] Level 5:colcon.colcon_core.verb:set package 'articubot_one' build argument 'catkin_skip_building_tests' from command line to 'False'
[5.599s] DEBUG:colcon.colcon_core.verb:Building package 'articubot_one' with the following arguments: {'ament_cmake_args': None, 'build_base': '/home/leonardo/dev_ws/src/articubot_one/build/articubot_one', 'catkin_cmake_args': None, 'catkin_skip_building_tests': False, 'cmake_args': None, 'cmake_clean_cache': False, 'cmake_clean_first': False, 'cmake_force_configure': False, 'cmake_target': None, 'cmake_target_skip_unavailable': False, 'install_base': '/home/leonardo/dev_ws/src/articubot_one/install/articubot_one', 'merge_install': False, 'path': '/home/leonardo/dev_ws/src/articubot_one', 'symlink_install': True, 'test_result_base': None}
[5.624s] INFO:colcon.colcon_core.executor:Executing jobs using 'parallel' executor
[5.651s] DEBUG:colcon.colcon_parallel_executor.executor.parallel:run_until_complete
[5.651s] INFO:colcon.colcon_ros.task.ament_cmake.build:Building ROS package in '/home/leonardo/dev_ws/src/articubot_one' with build type 'ament_cmake'
[5.652s] INFO:colcon.colcon_cmake.task.cmake.build:Building CMake package in '/home/leonardo/dev_ws/src/articubot_one'
[5.706s] INFO:colcon.colcon_core.plugin_system:Skipping extension 'colcon_core.shell.bat': Not used on non-Windows systems
[5.706s] INFO:colcon.colcon_core.shell:Skip shell extension 'powershell' for command environment: Not usable outside of PowerShell
[5.706s] DEBUG:colcon.colcon_core.shell:Skip shell extension 'dsv' for command environment
[5.821s] DEBUG:colcon.colcon_core.event_handler.log_command:Invoking command in '/home/leonardo/dev_ws/src/articubot_one/build/articubot_one': CMAKE_PREFIX_PATH=/opt/ros/humble /usr/bin/cmake /home/leonardo/dev_ws/src/articubot_one -DAMENT_CMAKE_SYMLINK_INSTALL=1 -DCMAKE_INSTALL_PREFIX=/home/leonardo/dev_ws/src/articubot_one/install/articubot_one
[9.306s] DEBUG:colcon.colcon_core.event_handler.log_command:Invoked command in '/home/leonardo/dev_ws/src/articubot_one/build/articubot_one' returned '0': CMAKE_PREFIX_PATH=/opt/ros/humble /usr/bin/cmake /home/leonardo/dev_ws/src/articubot_one -DAMENT_CMAKE_SYMLINK_INSTALL=1 -DCMAKE_INSTALL_PREFIX=/home/leonardo/dev_ws/src/articubot_one/install/articubot_one
[9.312s] DEBUG:colcon.colcon_core.event_handler.log_command:Invoking command in '/home/leonardo/dev_ws/src/articubot_one/build/articubot_one': CMAKE_PREFIX_PATH=/opt/ros/humble /usr/bin/cmake --build /home/leonardo/dev_ws/src/articubot_one/build/articubot_one -- -j4 -l4
[9.388s] DEBUG:colcon.colcon_core.event_handler.log_command:Invoked command in '/home/leonardo/dev_ws/src/articubot_one/build/articubot_one' returned '0': CMAKE_PREFIX_PATH=/opt/ros/humble /usr/bin/cmake --build /home/leonardo/dev_ws/src/articubot_one/build/articubot_one -- -j4 -l4
[9.451s] DEBUG:colcon.colcon_core.event_handler.log_command:Invoking command in '/home/leonardo/dev_ws/src/articubot_one/build/articubot_one': CMAKE_PREFIX_PATH=/opt/ros/humble /usr/bin/cmake --install /home/leonardo/dev_ws/src/articubot_one/build/articubot_one
[9.913s] Level 1:colcon.colcon_core.environment:create_environment_scripts_only(articubot_one)
[9.916s] DEBUG:colcon.colcon_core.event_handler.log_command:Invoked command in '/home/leonardo/dev_ws/src/articubot_one/build/articubot_one' returned '0': CMAKE_PREFIX_PATH=/opt/ros/humble /usr/bin/cmake --install /home/leonardo/dev_ws/src/articubot_one/build/articubot_one
[10.032s] Level 1:colcon.colcon_core.environment:checking '/home/leonardo/dev_ws/src/articubot_one/install/articubot_one' for CMake module files
[10.035s] Level 1:colcon.colcon_core.environment:checking '/home/leonardo/dev_ws/src/articubot_one/install/articubot_one' for CMake config files
[10.036s] Level 1:colcon.colcon_core.shell:create_environment_hook('articubot_one', 'cmake_prefix_path')
[10.095s] INFO:colcon.colcon_core.shell:Creating environment hook '/home/leonardo/dev_ws/src/articubot_one/install/articubot_one/share/articubot_one/hook/cmake_prefix_path.ps1'
[10.111s] INFO:colcon.colcon_core.shell:Creating environment descriptor '/home/leonardo/dev_ws/src/articubot_one/install/articubot_one/share/articubot_one/hook/cmake_prefix_path.dsv'
[10.122s] INFO:colcon.colcon_core.shell:Creating environment hook '/home/leonardo/dev_ws/src/articubot_one/install/articubot_one/share/articubot_one/hook/cmake_prefix_path.sh'
[10.125s] Level 1:colcon.colcon_core.environment:checking '/home/leonardo/dev_ws/src/articubot_one/install/articubot_one/bin'
[10.125s] Level 1:colcon.colcon_core.environment:checking '/home/leonardo/dev_ws/src/articubot_one/install/articubot_one/lib/pkgconfig/articubot_one.pc'
[10.126s] Level 1:colcon.colcon_core.environment:checking '/home/leonardo/dev_ws/src/articubot_one/install/articubot_one/lib/python3.10/site-packages'
[10.126s] Level 1:colcon.colcon_core.environment:checking '/home/leonardo/dev_ws/src/articubot_one/install/articubot_one/bin'
[10.165s] INFO:colcon.colcon_core.shell:Creating package script '/home/leonardo/dev_ws/src/articubot_one/install/articubot_one/share/articubot_one/package.ps1'
[10.169s] INFO:colcon.colcon_core.shell:Creating package descriptor '/home/leonardo/dev_ws/src/articubot_one/install/articubot_one/share/articubot_one/package.dsv'
[10.171s] INFO:colcon.colcon_core.shell:Creating package script '/home/leonardo/dev_ws/src/articubot_one/install/articubot_one/share/articubot_one/package.sh'
[10.173s] INFO:colcon.colcon_core.shell:Creating package script '/home/leonardo/dev_ws/src/articubot_one/install/articubot_one/share/articubot_one/package.bash'
[10.188s] INFO:colcon.colcon_core.shell:Creating package script '/home/leonardo/dev_ws/src/articubot_one/install/articubot_one/share/articubot_one/package.zsh'
[10.196s] Level 1:colcon.colcon_core.environment:create_file_with_runtime_dependencies(/home/leonardo/dev_ws/src/articubot_one/install/articubot_one/share/colcon-core/packages/articubot_one)
[10.261s] Level 1:colcon.colcon_core.environment:create_environment_scripts_only(articubot_one)
[10.288s] Level 1:colcon.colcon_core.environment:checking '/home/leonardo/dev_ws/src/articubot_one/install/articubot_one' for CMake module files
[10.289s] Level 1:colcon.colcon_core.environment:checking '/home/leonardo/dev_ws/src/articubot_one/install/articubot_one' for CMake config files
[10.289s] Level 1:colcon.colcon_core.shell:create_environment_hook('articubot_one', 'cmake_prefix_path')
[10.316s] INFO:colcon.colcon_core.shell:Creating environment hook '/home/leonardo/dev_ws/src/articubot_one/install/articubot_one/share/articubot_one/hook/cmake_prefix_path.ps1'
[10.317s] INFO:colcon.colcon_core.shell:Creating environment descriptor '/home/leonardo/dev_ws/src/articubot_one/install/articubot_one/share/articubot_one/hook/cmake_prefix_path.dsv'
[10.318s] INFO:colcon.colcon_core.shell:Creating environment hook '/home/leonardo/dev_ws/src/articubot_one/install/articubot_one/share/articubot_one/hook/cmake_prefix_path.sh'
[10.319s] Level 1:colcon.colcon_core.environment:checking '/home/leonardo/dev_ws/src/articubot_one/install/articubot_one/bin'
[10.319s] Level 1:colcon.colcon_core.environment:checking '/home/leonardo/dev_ws/src/articubot_one/install/articubot_one/lib/pkgconfig/articubot_one.pc'
[10.320s] Level 1:colcon.colcon_core.environment:checking '/home/leonardo/dev_ws/src/articubot_one/install/articubot_one/lib/python3.10/site-packages'
[10.320s] Level 1:colcon.colcon_core.environment:checking '/home/leonardo/dev_ws/src/articubot_one/install/articubot_one/bin'
[10.344s] INFO:colcon.colcon_core.shell:Creating package script '/home/leonardo/dev_ws/src/articubot_one/install/articubot_one/share/articubot_one/package.ps1'
[10.345s] INFO:colcon.colcon_core.shell:Creating package descriptor '/home/leonardo/dev_ws/src/articubot_one/install/articubot_one/share/articubot_one/package.dsv'
[10.347s] INFO:colcon.colcon_core.shell:Creating package script '/home/leonardo/dev_ws/src/articubot_one/install/articubot_one/share/articubot_one/package.sh'
[10.348s] INFO:colcon.colcon_core.shell:Creating package script '/home/leonardo/dev_ws/src/articubot_one/install/articubot_one/share/articubot_one/package.bash'
[10.349s] INFO:colcon.colcon_core.shell:Creating package script '/home/leonardo/dev_ws/src/articubot_one/install/articubot_one/share/articubot_one/package.zsh'
[10.350s] Level 1:colcon.colcon_core.environment:create_file_with_runtime_dependencies(/home/leonardo/dev_ws/src/articubot_one/install/articubot_one/share/colcon-core/packages/articubot_one)
[10.351s] DEBUG:colcon.colcon_parallel_executor.executor.parallel:closing loop
[10.351s] DEBUG:colcon.colcon_parallel_executor.executor.parallel:loop closed
[10.351s] DEBUG:colcon.colcon_parallel_executor.executor.parallel:run_until_complete finished with '0'
[10.351s] DEBUG:colcon.colcon_core.event_reactor:joining thread
[10.424s] INFO:colcon.colcon_core.plugin_system:Skipping extension 'colcon_notification.desktop_notification.terminal_notifier': Not used on non-Darwin systems
[10.425s] INFO:colcon.colcon_core.plugin_system:Skipping extension 'colcon_notification.desktop_notification.win32': Not used on non-Windows systems
[10.425s] INFO:colcon.colcon_notification.desktop_notification:Sending desktop notification using 'notify2'
[10.454s] DEBUG:colcon.colcon_core.event_reactor:joined thread
[10.525s] INFO:colcon.colcon_core.shell:Creating prefix script '/home/leonardo/dev_ws/src/articubot_one/install/local_setup.ps1'
[10.527s] INFO:colcon.colcon_core.shell:Creating prefix util module '/home/leonardo/dev_ws/src/articubot_one/install/_local_setup_util_ps1.py'
[10.530s] INFO:colcon.colcon_core.shell:Creating prefix chain script '/home/leonardo/dev_ws/src/articubot_one/install/setup.ps1'
[10.560s] INFO:colcon.colcon_core.shell:Creating prefix script '/home/leonardo/dev_ws/src/articubot_one/install/local_setup.sh'
[10.561s] INFO:colcon.colcon_core.shell:Creating prefix util module '/home/leonardo/dev_ws/src/articubot_one/install/_local_setup_util_sh.py'
[10.563s] INFO:colcon.colcon_core.shell:Creating prefix chain script '/home/leonardo/dev_ws/src/articubot_one/install/setup.sh'
[10.593s] INFO:colcon.colcon_core.shell:Creating prefix script '/home/leonardo/dev_ws/src/articubot_one/install/local_setup.bash'
[10.595s] INFO:colcon.colcon_core.shell:Creating prefix chain script '/home/leonardo/dev_ws/src/articubot_one/install/setup.bash'
[10.624s] INFO:colcon.colcon_core.shell:Creating prefix script '/home/leonardo/dev_ws/src/articubot_one/install/local_setup.zsh'
[10.626s] INFO:colcon.colcon_core.shell:Creating prefix chain script '/home/leonardo/dev_ws/src/articubot_one/install/setup.zsh'
